# JRE version: Java(TM) SE Runtime Environment (17.0.7+8) (build 17.0.7+8-LTS-224)
# Java VM: Java HotSpot(TM) 64-Bit Server VM (17.0.7+8-LTS-224, mixed mode, sharing, tiered, compressed oops, compressed class ptrs, parallel gc, windows-amd64)
GC Precious Log:
 CPUs: 8 total, 8 available
 Memory: 16072M
 Large Page Support: Disabled
 NUMA Support: Disabled
 Compressed Oops: Enabled (32-bit)
 Alignments: Space 512K, Generation 512K, Heap 2M
 Heap Min Capacity: 100M
 Heap Initial Capacity: 100M
 Heap Max Capacity: 1G
 Pre-touch: Disabled
 Parallel Workers: 8
Heap:
 PSYoungGen      total 15360K, used 13253K [0x00000000eab00000, 0x00000000ebe80000, 0x0000000100000000)
  eden space 12288K, 82% used [0x00000000eab00000,0x00000000eb4f1d68,0x00000000eb700000)
  from space 3072K, 99% used [0x00000000ebb80000,0x00000000ebe7f7a0,0x00000000ebe80000)
  to   space 3584K, 0% used [0x00000000eb700000,0x00000000eb700000,0x00000000eba80000)
 ParOldGen       total 699392K, used 255773K [0x00000000c0000000, 0x00000000eab00000, 0x00000000eab00000)
  object space 699392K, 36% used [0x00000000c0000000,0x00000000cf9c7638,0x00000000eab00000)
 Metaspace       used 57494K, committed 58752K, reserved 1105920K
  class space    used 6160K, committed 6720K, reserved 1048576K
GC Heap History (20 events):
Event: 15.710 GC heap before
{Heap before GC invocations=308 (full 136):
 PSYoungGen      total 15872K, used 12287K [0x00000000eab00000, 0x00000000ebe80000, 0x0000000100000000)
  eden space 12288K, 99% used [0x00000000eab00000,0x00000000eb6fffc0,0x00000000eb700000)
  from space 3584K, 0% used [0x00000000eb700000,0x00000000eb700000,0x00000000eba80000)
  to   space 3072K, 0% used [0x00000000ebb80000,0x00000000ebb80000,0x00000000ebe80000)
 ParOldGen       total 239104K, used 238785K [0x00000000c0000000, 0x00000000ce980000, 0x00000000eab00000)
  object space 239104K, 99% used [0x00000000c0000000,0x00000000ce930578,0x00000000ce980000)
 Metaspace       used 57088K, committed 58368K, reserved 1105920K
  class space    used 6109K, committed 6720K, reserved 1048576K
}
Event: 15.759 GC heap after
{Heap after GC invocations=308 (full 136):
 PSYoungGen      total 15360K, used 12287K [0x00000000eab00000, 0x00000000ebe80000, 0x0000000100000000)
  eden space 12288K, 99% used [0x00000000eab00000,0x00000000eb6ffdf0,0x00000000eb700000)
  from space 3072K, 0% used [0x00000000ebb80000,0x00000000ebb80000,0x00000000ebe80000)
  to   space 3584K, 0% used [0x00000000eb700000,0x00000000eb700000,0x00000000eba80000)
 ParOldGen       total 239104K, used 238785K [0x00000000c0000000, 0x00000000ce980000, 0x00000000eab00000)
  object space 239104K, 99% used [0x00000000c0000000,0x00000000ce930500,0x00000000ce980000)
 Metaspace       used 57088K, committed 58368K, reserved 1105920K
  class space    used 6109K, committed 6720K, reserved 1048576K
}
Event: 15.759 GC heap before
{Heap before GC invocations=309 (full 137):
 PSYoungGen      total 15360K, used 12288K [0x00000000eab00000, 0x00000000ebe80000, 0x0000000100000000)
  eden space 12288K, 100% used [0x00000000eab00000,0x00000000eb700000,0x00000000eb700000)
  from space 3072K, 0% used [0x00000000ebb80000,0x00000000ebb80000,0x00000000ebe80000)
  to   space 3584K, 0% used [0x00000000eb700000,0x00000000eb700000,0x00000000eba80000)
 ParOldGen       total 239104K, used 238790K [0x00000000c0000000, 0x00000000ce980000, 0x00000000eab00000)
  object space 239104K, 99% used [0x00000000c0000000,0x00000000ce931a28,0x00000000ce980000)
 Metaspace       used 57088K, committed 58368K, reserved 1105920K
  class space    used 6109K, committed 6720K, reserved 1048576K
}
Event: 15.808 GC heap after
{Heap after GC invocations=309 (full 137):
 PSYoungGen      total 15872K, used 12287K [0x00000000eab00000, 0x00000000ebe80000, 0x0000000100000000)
  eden space 12288K, 99% used [0x00000000eab00000,0x00000000eb6ffd70,0x00000000eb700000)
  from space 3584K, 0% used [0x00000000eb700000,0x00000000eb700000,0x00000000eba80000)
  to   space 3072K, 0% used [0x00000000ebb80000,0x00000000ebb80000,0x00000000ebe80000)
 ParOldGen       total 239104K, used 238788K [0x00000000c0000000, 0x00000000ce980000, 0x00000000eab00000)
  object space 239104K, 99% used [0x00000000c0000000,0x00000000ce931328,0x00000000ce980000)
 Metaspace       used 57088K, committed 58368K, reserved 1105920K
  class space    used 6109K, committed 6720K, reserved 1048576K
}
Event: 15.808 GC heap before
{Heap before GC invocations=310 (full 138):
 PSYoungGen      total 15872K, used 12287K [0x00000000eab00000, 0x00000000ebe80000, 0x0000000100000000)
  eden space 12288K, 99% used [0x00000000eab00000,0x00000000eb6fffe8,0x00000000eb700000)
  from space 3584K, 0% used [0x00000000eb700000,0x00000000eb700000,0x00000000eba80000)
  to   space 3072K, 0% used [0x00000000ebb80000,0x00000000ebb80000,0x00000000ebe80000)
 ParOldGen       total 239104K, used 238788K [0x00000000c0000000, 0x00000000ce980000, 0x00000000eab00000)
  object space 239104K, 99% used [0x00000000c0000000,0x00000000ce931328,0x00000000ce980000)
 Metaspace       used 57088K, committed 58368K, reserved 1105920K
  class space    used 6109K, committed 6720K, reserved 1048576K
}
Event: 15.859 GC heap after
{Heap after GC invocations=310 (full 138):
 PSYoungGen      total 15360K, used 12285K [0x00000000eab00000, 0x00000000ebe80000, 0x0000000100000000)
  eden space 12288K, 99% used [0x00000000eab00000,0x00000000eb6ff7e0,0x00000000eb700000)
  from space 3072K, 0% used [0x00000000ebb80000,0x00000000ebb80000,0x00000000ebe80000)
  to   space 3584K, 0% used [0x00000000eb700000,0x00000000eb700000,0x00000000eba80000)
 ParOldGen       total 239104K, used 238785K [0x00000000c0000000, 0x00000000ce980000, 0x00000000eab00000)
  object space 239104K, 99% used [0x00000000c0000000,0x00000000ce930740,0x00000000ce980000)
 Metaspace       used 57088K, committed 58368K, reserved 1105920K
  class space    used 6109K, committed 6720K, reserved 1048576K
}
Event: 15.859 GC heap before
{Heap before GC invocations=311 (full 139):
 PSYoungGen      total 15360K, used 12287K [0x00000000eab00000, 0x00000000ebe80000, 0x0000000100000000)
  eden space 12288K, 99% used [0x00000000eab00000,0x00000000eb6fffe0,0x00000000eb700000)
  from space 3072K, 0% used [0x00000000ebb80000,0x00000000ebb80000,0x00000000ebe80000)
  to   space 3584K, 0% used [0x00000000eb700000,0x00000000eb700000,0x00000000eba80000)
 ParOldGen       total 239104K, used 238785K [0x00000000c0000000, 0x00000000ce980000, 0x00000000eab00000)
  object space 239104K, 99% used [0x00000000c0000000,0x00000000ce930740,0x00000000ce980000)
 Metaspace       used 57088K, committed 58368K, reserved 1105920K
  class space    used 6109K, committed 6720K, reserved 1048576K
}
Event: 15.908 GC heap after
{Heap after GC invocations=311 (full 139):
 PSYoungGen      total 15872K, used 12286K [0x00000000eab00000, 0x00000000ebe80000, 0x0000000100000000)
  eden space 12288K, 99% used [0x00000000eab00000,0x00000000eb6ff810,0x00000000eb700000)
  from space 3584K, 0% used [0x00000000eb700000,0x00000000eb700000,0x00000000eba80000)
  to   space 3072K, 0% used [0x00000000ebb80000,0x00000000ebb80000,0x00000000ebe80000)
 ParOldGen       total 239104K, used 238785K [0x00000000c0000000, 0x00000000ce980000, 0x00000000eab00000)
  object space 239104K, 99% used [0x00000000c0000000,0x00000000ce930740,0x00000000ce980000)
 Metaspace       used 57088K, committed 58368K, reserved 1105920K
  class space    used 6109K, committed 6720K, reserved 1048576K
}
Event: 15.909 GC heap before
{Heap before GC invocations=312 (full 140):
 PSYoungGen      total 15872K, used 12288K [0x00000000eab00000, 0x00000000ebe80000, 0x0000000100000000)
  eden space 12288K, 100% used [0x00000000eab00000,0x00000000eb700000,0x00000000eb700000)
  from space 3584K, 0% used [0x00000000eb700000,0x00000000eb700000,0x00000000eba80000)
  to   space 3072K, 0% used [0x00000000ebb80000,0x00000000ebb80000,0x00000000ebe80000)
 ParOldGen       total 239104K, used 238785K [0x00000000c0000000, 0x00000000ce980000, 0x00000000eab00000)
  object space 239104K, 99% used [0x00000000c0000000,0x00000000ce930740,0x00000000ce980000)
 Metaspace       used 57088K, committed 58368K, reserved 1105920K
  class space    used 6109K, committed 6720K, reserved 1048576K
}
Event: 15.957 GC heap after
{Heap after GC invocations=312 (full 140):
 PSYoungGen      total 15360K, used 12286K [0x00000000eab00000, 0x00000000ebe80000, 0x0000000100000000)
  eden space 12288K, 99% used [0x00000000eab00000,0x00000000eb6ff808,0x00000000eb700000)
  from space 3072K, 0% used [0x00000000ebb80000,0x00000000ebb80000,0x00000000ebe80000)
  to   space 3584K, 0% used [0x00000000eb700000,0x00000000eb700000,0x00000000eba80000)
 ParOldGen       total 239104K, used 238785K [0x00000000c0000000, 0x00000000ce980000, 0x00000000eab00000)
  object space 239104K, 99% used [0x00000000c0000000,0x00000000ce930740,0x00000000ce980000)
 Metaspace       used 57088K, committed 58368K, reserved 1105920K
  class space    used 6109K, committed 6720K, reserved 1048576K
}
Event: 15.957 GC heap before
{Heap before GC invocations=313 (full 141):
 PSYoungGen      total 15360K, used 12287K [0x00000000eab00000, 0x00000000ebe80000, 0x0000000100000000)
  eden space 12288K, 99% used [0x00000000eab00000,0x00000000eb6ffff8,0x00000000eb700000)
  from space 3072K, 0% used [0x00000000ebb80000,0x00000000ebb80000,0x00000000ebe80000)
  to   space 3584K, 0% used [0x00000000eb700000,0x00000000eb700000,0x00000000eba80000)
 ParOldGen       total 239104K, used 238785K [0x00000000c0000000, 0x00000000ce980000, 0x00000000eab00000)
  object space 239104K, 99% used [0x00000000c0000000,0x00000000ce930740,0x00000000ce980000)
 Metaspace       used 57088K, committed 58368K, reserved 1105920K
  class space    used 6109K, committed 6720K, reserved 1048576K
}
Event: 16.007 GC heap after
{Heap after GC invocations=313 (full 141):
 PSYoungGen      total 15872K, used 12286K [0x00000000eab00000, 0x00000000ebe80000, 0x0000000100000000)
  eden space 12288K, 99% used [0x00000000eab00000,0x00000000eb6ff888,0x00000000eb700000)
  from space 3584K, 0% used [0x00000000eb700000,0x00000000eb700000,0x00000000eba80000)
  to   space 3072K, 0% used [0x00000000ebb80000,0x00000000ebb80000,0x00000000ebe80000)
 ParOldGen       total 239104K, used 238785K [0x00000000c0000000, 0x00000000ce980000, 0x00000000eab00000)
  object space 239104K, 99% used [0x00000000c0000000,0x00000000ce930740,0x00000000ce980000)
 Metaspace       used 57088K, committed 58368K, reserved 1105920K
  class space    used 6109K, committed 6720K, reserved 1048576K
}
Event: 16.007 GC heap before
{Heap before GC invocations=314 (full 142):
 PSYoungGen      total 15872K, used 12287K [0x00000000eab00000, 0x00000000ebe80000, 0x0000000100000000)
  eden space 12288K, 99% used [0x00000000eab00000,0x00000000eb6ffff8,0x00000000eb700000)
  from space 3584K, 0% used [0x00000000eb700000,0x00000000eb700000,0x00000000eba80000)
  to   space 3072K, 0% used [0x00000000ebb80000,0x00000000ebb80000,0x00000000ebe80000)
 ParOldGen       total 239104K, used 238785K [0x00000000c0000000, 0x00000000ce980000, 0x00000000eab00000)
  object space 239104K, 99% used [0x00000000c0000000,0x00000000ce930740,0x00000000ce980000)
 Metaspace       used 57088K, committed 58368K, reserved 1105920K
  class space    used 6109K, committed 6720K, reserved 1048576K
}
Event: 16.058 GC heap after
{Heap after GC invocations=314 (full 142):
 PSYoungGen      total 15360K, used 12286K [0x00000000eab00000, 0x00000000ebe80000, 0x0000000100000000)
  eden space 12288K, 99% used [0x00000000eab00000,0x00000000eb6ff988,0x00000000eb700000)
  from space 3072K, 0% used [0x00000000ebb80000,0x00000000ebb80000,0x00000000ebe80000)
  to   space 3584K, 0% used [0x00000000eb700000,0x00000000eb700000,0x00000000eba80000)
 ParOldGen       total 239104K, used 238785K [0x00000000c0000000, 0x00000000ce980000, 0x00000000eab00000)
  object space 239104K, 99% used [0x00000000c0000000,0x00000000ce930740,0x00000000ce980000)
 Metaspace       used 57088K, committed 58368K, reserved 1105920K
  class space    used 6109K, committed 6720K, reserved 1048576K
}
Event: 16.058 GC heap before
{Heap before GC invocations=315 (full 143):
 PSYoungGen      total 15360K, used 12287K [0x00000000eab00000, 0x00000000ebe80000, 0x0000000100000000)
  eden space 12288K, 99% used [0x00000000eab00000,0x00000000eb6ffff8,0x00000000eb700000)
  from space 3072K, 0% used [0x00000000ebb80000,0x00000000ebb80000,0x00000000ebe80000)
  to   space 3584K, 0% used [0x00000000eb700000,0x00000000eb700000,0x00000000eba80000)
 ParOldGen       total 239104K, used 238785K [0x00000000c0000000, 0x00000000ce980000, 0x00000000eab00000)
  object space 239104K, 99% used [0x00000000c0000000,0x00000000ce930740,0x00000000ce980000)
 Metaspace       used 57088K, committed 58368K, reserved 1105920K
  class space    used 6109K, committed 6720K, reserved 1048576K
}
Event: 16.109 GC heap after
{Heap after GC invocations=315 (full 143):
 PSYoungGen      total 15872K, used 12286K [0x00000000eab00000, 0x00000000ebe80000, 0x0000000100000000)
  eden space 12288K, 99% used [0x00000000eab00000,0x00000000eb6ff9c0,0x00000000eb700000)
  from space 3584K, 0% used [0x00000000eb700000,0x00000000eb700000,0x00000000eba80000)
  to   space 3072K, 0% used [0x00000000ebb80000,0x00000000ebb80000,0x00000000ebe80000)
 ParOldGen       total 699392K, used 238785K [0x00000000c0000000, 0x00000000eab00000, 0x00000000eab00000)
  object space 699392K, 34% used [0x00000000c0000000,0x00000000ce930740,0x00000000eab00000)
 Metaspace       used 57088K, committed 58368K, reserved 1105920K
  class space    used 6109K, committed 6720K, reserved 1048576K
}
Event: 16.109 GC heap before
{Heap before GC invocations=316 (full 143):
 PSYoungGen      total 15872K, used 12287K [0x00000000eab00000, 0x00000000ebe80000, 0x0000000100000000)
  eden space 12288K, 99% used [0x00000000eab00000,0x00000000eb6fff38,0x00000000eb700000)
  from space 3584K, 0% used [0x00000000eb700000,0x00000000eb700000,0x00000000eba80000)
  to   space 3072K, 0% used [0x00000000ebb80000,0x00000000ebb80000,0x00000000ebe80000)
 ParOldGen       total 699392K, used 238785K [0x00000000c0000000, 0x00000000eab00000, 0x00000000eab00000)
  object space 699392K, 34% used [0x00000000c0000000,0x00000000ce930740,0x00000000eab00000)
 Metaspace       used 57088K, committed 58368K, reserved 1105920K
  class space    used 6109K, committed 6720K, reserved 1048576K
}
Event: 16.117 GC heap after
{Heap after GC invocations=316 (full 143):
 PSYoungGen      total 15360K, used 3062K [0x00000000eab00000, 0x00000000ebe80000, 0x0000000100000000)
  eden space 12288K, 0% used [0x00000000eab00000,0x00000000eab00000,0x00000000eb700000)
  from space 3072K, 99% used [0x00000000ebb80000,0x00000000ebe7d820,0x00000000ebe80000)
  to   space 3584K, 0% used [0x00000000eb700000,0x00000000eb700000,0x00000000eba80000)
 ParOldGen       total 699392K, used 248369K [0x00000000c0000000, 0x00000000eab00000, 0x00000000eab00000)
  object space 699392K, 35% used [0x00000000c0000000,0x00000000cf28c4d0,0x00000000eab00000)
 Metaspace       used 57088K, committed 58368K, reserved 1105920K
  class space    used 6109K, committed 6720K, reserved 1048576K
}
Event: 16.131 GC heap before
{Heap before GC invocations=317 (full 143):
 PSYoungGen      total 15360K, used 15350K [0x00000000eab00000, 0x00000000ebe80000, 0x0000000100000000)
  eden space 12288K, 99% used [0x00000000eab00000,0x00000000eb6ffff8,0x00000000eb700000)
  from space 3072K, 99% used [0x00000000ebb80000,0x00000000ebe7d820,0x00000000ebe80000)
  to   space 3584K, 0% used [0x00000000eb700000,0x00000000eb700000,0x00000000eba80000)
 ParOldGen       total 699392K, used 248369K [0x00000000c0000000, 0x00000000eab00000, 0x00000000eab00000)
  object space 699392K, 35% used [0x00000000c0000000,0x00000000cf28c4d0,0x00000000eab00000)
 Metaspace       used 57373K, committed 58688K, reserved 1105920K
  class space    used 6143K, committed 6720K, reserved 1048576K
}
Event: 16.133 GC heap after
{Heap after GC invocations=317 (full 143):
 PSYoungGen      total 15872K, used 3336K [0x00000000eab00000, 0x00000000ebe80000, 0x0000000100000000)
  eden space 12288K, 0% used [0x00000000eab00000,0x00000000eab00000,0x00000000eb700000)
  from space 3584K, 93% used [0x00000000eb700000,0x00000000eba423b0,0x00000000eba80000)
  to   space 3072K, 0% used [0x00000000ebb80000,0x00000000ebb80000,0x00000000ebe80000)
 ParOldGen       total 699392K, used 251360K [0x00000000c0000000, 0x00000000eab00000, 0x00000000eab00000)
  object space 699392K, 35% used [0x00000000c0000000,0x00000000cf5781b8,0x00000000eab00000)
 Metaspace       used 57373K, committed 58688K, reserved 1105920K
  class space    used 6143K, committed 6720K, reserved 1048576K
}

