# JRE version: Java(TM) SE Runtime Environment (17.0.7+8) (build 17.0.7+8-LTS-224)
# Java VM: Java HotSpot(TM) 64-Bit Server VM (17.0.7+8-LTS-224, mixed mode, sharing, tiered, compressed oops, compressed class ptrs, parallel gc, windows-amd64)
GC Precious Log:
 CPUs: 8 total, 8 available
 Memory: 16072M
 Large Page Support: Disabled
 NUMA Support: Disabled
 Compressed Oops: Enabled (32-bit)
 Alignments: Space 512K, Generation 512K, Heap 2M
 Heap Min Capacity: 100M
 Heap Initial Capacity: 100M
 Heap Max Capacity: 1G
 Pre-touch: Disabled
 Parallel Workers: 8
Heap:
 PSYoungGen      total 26112K, used 19010K [0x00000000eab00000, 0x00000000ec880000, 0x0000000100000000)
  eden space 23040K, 82% used [0x00000000eab00000,0x00000000ebd90b18,0x00000000ec180000)
  from space 3072K, 0% used [0x00000000ec400000,0x00000000ec400000,0x00000000ec700000)
  to   space 1536K, 0% used [0x00000000ec700000,0x00000000ec700000,0x00000000ec880000)
 ParOldGen       total 68608K, used 16377K [0x00000000c0000000, 0x00000000c4300000, 0x00000000eab00000)
  object space 68608K, 23% used [0x00000000c0000000,0x00000000c0ffe7c0,0x00000000c4300000)
 Metaspace       used 37330K, committed 38272K, reserved 1089536K
  class space    used 4050K, committed 4480K, reserved 1048576K
GC Heap History (20 events):
Event: 1.233 GC heap before
{Heap before GC invocations=4 (full 0):
 PSYoungGen      total 29696K, used 29670K [0x00000000eab00000, 0x00000000ecc00000, 0x0000000100000000)
  eden space 25600K, 100% used [0x00000000eab00000,0x00000000ec400000,0x00000000ec400000)
  from space 4096K, 99% used [0x00000000ec400000,0x00000000ec7f9990,0x00000000ec800000)
  to   space 4096K, 0% used [0x00000000ec800000,0x00000000ec800000,0x00000000ecc00000)
 ParOldGen       total 68608K, used 3375K [0x00000000c0000000, 0x00000000c4300000, 0x00000000eab00000)
  object space 68608K, 4% used [0x00000000c0000000,0x00000000c034bc98,0x00000000c4300000)
 Metaspace       used 16033K, committed 16640K, reserved 1064960K
  class space    used 1632K, committed 1920K, reserved 1048576K
}
Event: 1.237 GC heap after
{Heap after GC invocations=4 (full 0):
 PSYoungGen      total 29696K, used 4092K [0x00000000eab00000, 0x00000000ecc00000, 0x0000000100000000)
  eden space 25600K, 0% used [0x00000000eab00000,0x00000000eab00000,0x00000000ec400000)
  from space 4096K, 99% used [0x00000000ec800000,0x00000000ecbff3e8,0x00000000ecc00000)
  to   space 4096K, 0% used [0x00000000ec400000,0x00000000ec400000,0x00000000ec800000)
 ParOldGen       total 68608K, used 6275K [0x00000000c0000000, 0x00000000c4300000, 0x00000000eab00000)
  object space 68608K, 9% used [0x00000000c0000000,0x00000000c0620f28,0x00000000c4300000)
 Metaspace       used 16033K, committed 16640K, reserved 1064960K
  class space    used 1632K, committed 1920K, reserved 1048576K
}
Event: 1.422 GC heap before
{Heap before GC invocations=5 (full 0):
 PSYoungGen      total 29696K, used 29692K [0x00000000eab00000, 0x00000000ecc00000, 0x0000000100000000)
  eden space 25600K, 100% used [0x00000000eab00000,0x00000000ec400000,0x00000000ec400000)
  from space 4096K, 99% used [0x00000000ec800000,0x00000000ecbff3e8,0x00000000ecc00000)
  to   space 4096K, 0% used [0x00000000ec400000,0x00000000ec400000,0x00000000ec800000)
 ParOldGen       total 68608K, used 6275K [0x00000000c0000000, 0x00000000c4300000, 0x00000000eab00000)
  object space 68608K, 9% used [0x00000000c0000000,0x00000000c0620f28,0x00000000c4300000)
 Metaspace       used 18751K, committed 19456K, reserved 1073152K
  class space    used 1915K, committed 2176K, reserved 1048576K
}
Event: 1.425 GC heap after
{Heap after GC invocations=5 (full 0):
 PSYoungGen      total 29184K, used 4088K [0x00000000eab00000, 0x00000000ed180000, 0x0000000100000000)
  eden space 25088K, 0% used [0x00000000eab00000,0x00000000eab00000,0x00000000ec380000)
  from space 4096K, 99% used [0x00000000ec400000,0x00000000ec7fe020,0x00000000ec800000)
  to   space 7168K, 0% used [0x00000000eca80000,0x00000000eca80000,0x00000000ed180000)
 ParOldGen       total 68608K, used 9074K [0x00000000c0000000, 0x00000000c4300000, 0x00000000eab00000)
  object space 68608K, 13% used [0x00000000c0000000,0x00000000c08dcb90,0x00000000c4300000)
 Metaspace       used 18751K, committed 19456K, reserved 1073152K
  class space    used 1915K, committed 2176K, reserved 1048576K
}
Event: 1.471 GC heap before
{Heap before GC invocations=6 (full 0):
 PSYoungGen      total 29184K, used 13380K [0x00000000eab00000, 0x00000000ed180000, 0x0000000100000000)
  eden space 25088K, 37% used [0x00000000eab00000,0x00000000eb413390,0x00000000ec380000)
  from space 4096K, 99% used [0x00000000ec400000,0x00000000ec7fe020,0x00000000ec800000)
  to   space 7168K, 0% used [0x00000000eca80000,0x00000000eca80000,0x00000000ed180000)
 ParOldGen       total 68608K, used 9074K [0x00000000c0000000, 0x00000000c4300000, 0x00000000eab00000)
  object space 68608K, 13% used [0x00000000c0000000,0x00000000c08dcb90,0x00000000c4300000)
 Metaspace       used 20734K, committed 21504K, reserved 1073152K
  class space    used 2038K, committed 2368K, reserved 1048576K
}
Event: 1.473 GC heap after
{Heap after GC invocations=6 (full 0):
 PSYoungGen      total 30208K, used 4625K [0x00000000eab00000, 0x00000000ecf80000, 0x0000000100000000)
  eden space 25088K, 0% used [0x00000000eab00000,0x00000000eab00000,0x00000000ec380000)
  from space 5120K, 90% used [0x00000000eca80000,0x00000000ecf047f0,0x00000000ecf80000)
  to   space 5632K, 0% used [0x00000000ec480000,0x00000000ec480000,0x00000000eca00000)
 ParOldGen       total 68608K, used 9074K [0x00000000c0000000, 0x00000000c4300000, 0x00000000eab00000)
  object space 68608K, 13% used [0x00000000c0000000,0x00000000c08dcb90,0x00000000c4300000)
 Metaspace       used 20734K, committed 21504K, reserved 1073152K
  class space    used 2038K, committed 2368K, reserved 1048576K
}
Event: 1.473 GC heap before
{Heap before GC invocations=7 (full 1):
 PSYoungGen      total 30208K, used 4625K [0x00000000eab00000, 0x00000000ecf80000, 0x0000000100000000)
  eden space 25088K, 0% used [0x00000000eab00000,0x00000000eab00000,0x00000000ec380000)
  from space 5120K, 90% used [0x00000000eca80000,0x00000000ecf047f0,0x00000000ecf80000)
  to   space 5632K, 0% used [0x00000000ec480000,0x00000000ec480000,0x00000000eca00000)
 ParOldGen       total 68608K, used 9074K [0x00000000c0000000, 0x00000000c4300000, 0x00000000eab00000)
  object space 68608K, 13% used [0x00000000c0000000,0x00000000c08dcb90,0x00000000c4300000)
 Metaspace       used 20734K, committed 21504K, reserved 1073152K
  class space    used 2038K, committed 2368K, reserved 1048576K
}
Event: 1.490 GC heap after
{Heap after GC invocations=7 (full 1):
 PSYoungGen      total 30208K, used 0K [0x00000000eab00000, 0x00000000ecf80000, 0x0000000100000000)
  eden space 25088K, 0% used [0x00000000eab00000,0x00000000eab00000,0x00000000ec380000)
  from space 5120K, 0% used [0x00000000eca80000,0x00000000eca80000,0x00000000ecf80000)
  to   space 5632K, 0% used [0x00000000ec480000,0x00000000ec480000,0x00000000eca00000)
 ParOldGen       total 68608K, used 11164K [0x00000000c0000000, 0x00000000c4300000, 0x00000000eab00000)
  object space 68608K, 16% used [0x00000000c0000000,0x00000000c0ae7150,0x00000000c4300000)
 Metaspace       used 20721K, committed 21504K, reserved 1073152K
  class space    used 2035K, committed 2368K, reserved 1048576K
}
Event: 1.588 GC heap before
{Heap before GC invocations=8 (full 1):
 PSYoungGen      total 30208K, used 25088K [0x00000000eab00000, 0x00000000ecf80000, 0x0000000100000000)
  eden space 25088K, 100% used [0x00000000eab00000,0x00000000ec380000,0x00000000ec380000)
  from space 5120K, 0% used [0x00000000eca80000,0x00000000eca80000,0x00000000ecf80000)
  to   space 5632K, 0% used [0x00000000ec480000,0x00000000ec480000,0x00000000eca00000)
 ParOldGen       total 68608K, used 11164K [0x00000000c0000000, 0x00000000c4300000, 0x00000000eab00000)
  object space 68608K, 16% used [0x00000000c0000000,0x00000000c0ae7150,0x00000000c4300000)
 Metaspace       used 23734K, committed 24512K, reserved 1073152K
  class space    used 2281K, committed 2624K, reserved 1048576K
}
Event: 1.588 GC heap after
{Heap after GC invocations=8 (full 1):
 PSYoungGen      total 25600K, used 763K [0x00000000eab00000, 0x00000000ecb00000, 0x0000000100000000)
  eden space 24576K, 0% used [0x00000000eab00000,0x00000000eab00000,0x00000000ec300000)
  from space 1024K, 74% used [0x00000000ec480000,0x00000000ec53ef38,0x00000000ec580000)
  to   space 2560K, 0% used [0x00000000ec880000,0x00000000ec880000,0x00000000ecb00000)
 ParOldGen       total 68608K, used 11172K [0x00000000c0000000, 0x00000000c4300000, 0x00000000eab00000)
  object space 68608K, 16% used [0x00000000c0000000,0x00000000c0ae9150,0x00000000c4300000)
 Metaspace       used 23734K, committed 24512K, reserved 1073152K
  class space    used 2281K, committed 2624K, reserved 1048576K
}
Event: 1.971 GC heap before
{Heap before GC invocations=9 (full 1):
 PSYoungGen      total 25600K, used 25339K [0x00000000eab00000, 0x00000000ecb00000, 0x0000000100000000)
  eden space 24576K, 100% used [0x00000000eab00000,0x00000000ec300000,0x00000000ec300000)
  from space 1024K, 74% used [0x00000000ec480000,0x00000000ec53ef38,0x00000000ec580000)
  to   space 2560K, 0% used [0x00000000ec880000,0x00000000ec880000,0x00000000ecb00000)
 ParOldGen       total 68608K, used 11172K [0x00000000c0000000, 0x00000000c4300000, 0x00000000eab00000)
  object space 68608K, 16% used [0x00000000c0000000,0x00000000c0ae9150,0x00000000c4300000)
 Metaspace       used 27837K, committed 28736K, reserved 1081344K
  class space    used 2758K, committed 3136K, reserved 1048576K
}
Event: 1.973 GC heap after
{Heap after GC invocations=9 (full 1):
 PSYoungGen      total 26624K, used 2538K [0x00000000eab00000, 0x00000000ecb00000, 0x0000000100000000)
  eden space 24064K, 0% used [0x00000000eab00000,0x00000000eab00000,0x00000000ec280000)
  from space 2560K, 99% used [0x00000000ec880000,0x00000000ecafa818,0x00000000ecb00000)
  to   space 3072K, 0% used [0x00000000ec500000,0x00000000ec500000,0x00000000ec800000)
 ParOldGen       total 68608K, used 11196K [0x00000000c0000000, 0x00000000c4300000, 0x00000000eab00000)
  object space 68608K, 16% used [0x00000000c0000000,0x00000000c0aef150,0x00000000c4300000)
 Metaspace       used 27837K, committed 28736K, reserved 1081344K
  class space    used 2758K, committed 3136K, reserved 1048576K
}
Event: 2.191 GC heap before
{Heap before GC invocations=10 (full 1):
 PSYoungGen      total 26624K, used 26602K [0x00000000eab00000, 0x00000000ecb00000, 0x0000000100000000)
  eden space 24064K, 100% used [0x00000000eab00000,0x00000000ec280000,0x00000000ec280000)
  from space 2560K, 99% used [0x00000000ec880000,0x00000000ecafa818,0x00000000ecb00000)
  to   space 3072K, 0% used [0x00000000ec500000,0x00000000ec500000,0x00000000ec800000)
 ParOldGen       total 68608K, used 11196K [0x00000000c0000000, 0x00000000c4300000, 0x00000000eab00000)
  object space 68608K, 16% used [0x00000000c0000000,0x00000000c0aef150,0x00000000c4300000)
 Metaspace       used 31267K, committed 32192K, reserved 1081344K
  class space    used 3212K, committed 3648K, reserved 1048576K
}
Event: 2.193 GC heap after
{Heap after GC invocations=10 (full 1):
 PSYoungGen      total 26624K, used 3067K [0x00000000eab00000, 0x00000000ecc00000, 0x0000000100000000)
  eden space 23552K, 0% used [0x00000000eab00000,0x00000000eab00000,0x00000000ec200000)
  from space 3072K, 99% used [0x00000000ec500000,0x00000000ec7feca0,0x00000000ec800000)
  to   space 4096K, 0% used [0x00000000ec800000,0x00000000ec800000,0x00000000ecc00000)
 ParOldGen       total 68608K, used 12717K [0x00000000c0000000, 0x00000000c4300000, 0x00000000eab00000)
  object space 68608K, 18% used [0x00000000c0000000,0x00000000c0c6b738,0x00000000c4300000)
 Metaspace       used 31267K, committed 32192K, reserved 1081344K
  class space    used 3212K, committed 3648K, reserved 1048576K
}
Event: 2.392 GC heap before
{Heap before GC invocations=11 (full 1):
 PSYoungGen      total 26624K, used 26619K [0x00000000eab00000, 0x00000000ecc00000, 0x0000000100000000)
  eden space 23552K, 100% used [0x00000000eab00000,0x00000000ec200000,0x00000000ec200000)
  from space 3072K, 99% used [0x00000000ec500000,0x00000000ec7feca0,0x00000000ec800000)
  to   space 4096K, 0% used [0x00000000ec800000,0x00000000ec800000,0x00000000ecc00000)
 ParOldGen       total 68608K, used 12717K [0x00000000c0000000, 0x00000000c4300000, 0x00000000eab00000)
  object space 68608K, 18% used [0x00000000c0000000,0x00000000c0c6b738,0x00000000c4300000)
 Metaspace       used 33667K, committed 34624K, reserved 1081344K
  class space    used 3566K, committed 3968K, reserved 1048576K
}
Event: 2.394 GC heap after
{Heap after GC invocations=11 (full 1):
 PSYoungGen      total 25088K, used 2012K [0x00000000eab00000, 0x00000000eca00000, 0x0000000100000000)
  eden space 23040K, 0% used [0x00000000eab00000,0x00000000eab00000,0x00000000ec180000)
  from space 2048K, 98% used [0x00000000ec800000,0x00000000ec9f7370,0x00000000eca00000)
  to   space 3072K, 0% used [0x00000000ec400000,0x00000000ec400000,0x00000000ec700000)
 ParOldGen       total 68608K, used 14576K [0x00000000c0000000, 0x00000000c4300000, 0x00000000eab00000)
  object space 68608K, 21% used [0x00000000c0000000,0x00000000c0e3c0d8,0x00000000c4300000)
 Metaspace       used 33667K, committed 34624K, reserved 1081344K
  class space    used 3566K, committed 3968K, reserved 1048576K
}
Event: 2.560 GC heap before
{Heap before GC invocations=12 (full 1):
 PSYoungGen      total 25088K, used 21586K [0x00000000eab00000, 0x00000000eca00000, 0x0000000100000000)
  eden space 23040K, 84% used [0x00000000eab00000,0x00000000ebe1d7c8,0x00000000ec180000)
  from space 2048K, 98% used [0x00000000ec800000,0x00000000ec9f7370,0x00000000eca00000)
  to   space 3072K, 0% used [0x00000000ec400000,0x00000000ec400000,0x00000000ec700000)
 ParOldGen       total 68608K, used 14576K [0x00000000c0000000, 0x00000000c4300000, 0x00000000eab00000)
  object space 68608K, 21% used [0x00000000c0000000,0x00000000c0e3c0d8,0x00000000c4300000)
 Metaspace       used 34917K, committed 35840K, reserved 1081344K
  class space    used 3730K, committed 4160K, reserved 1048576K
}
Event: 2.561 GC heap after
{Heap after GC invocations=12 (full 1):
 PSYoungGen      total 26112K, used 512K [0x00000000eab00000, 0x00000000ec880000, 0x0000000100000000)
  eden space 23040K, 0% used [0x00000000eab00000,0x00000000eab00000,0x00000000ec180000)
  from space 3072K, 16% used [0x00000000ec400000,0x00000000ec480000,0x00000000ec700000)
  to   space 1536K, 0% used [0x00000000ec700000,0x00000000ec700000,0x00000000ec880000)
 ParOldGen       total 68608K, used 16350K [0x00000000c0000000, 0x00000000c4300000, 0x00000000eab00000)
  object space 68608K, 23% used [0x00000000c0000000,0x00000000c0ff7b28,0x00000000c4300000)
 Metaspace       used 34917K, committed 35840K, reserved 1081344K
  class space    used 3730K, committed 4160K, reserved 1048576K
}
Event: 2.561 GC heap before
{Heap before GC invocations=13 (full 2):
 PSYoungGen      total 26112K, used 512K [0x00000000eab00000, 0x00000000ec880000, 0x0000000100000000)
  eden space 23040K, 0% used [0x00000000eab00000,0x00000000eab00000,0x00000000ec180000)
  from space 3072K, 16% used [0x00000000ec400000,0x00000000ec480000,0x00000000ec700000)
  to   space 1536K, 0% used [0x00000000ec700000,0x00000000ec700000,0x00000000ec880000)
 ParOldGen       total 68608K, used 16350K [0x00000000c0000000, 0x00000000c4300000, 0x00000000eab00000)
  object space 68608K, 23% used [0x00000000c0000000,0x00000000c0ff7b28,0x00000000c4300000)
 Metaspace       used 34917K, committed 35840K, reserved 1081344K
  class space    used 3730K, committed 4160K, reserved 1048576K
}
Event: 2.584 GC heap after
{Heap after GC invocations=13 (full 2):
 PSYoungGen      total 26112K, used 0K [0x00000000eab00000, 0x00000000ec880000, 0x0000000100000000)
  eden space 23040K, 0% used [0x00000000eab00000,0x00000000eab00000,0x00000000ec180000)
  from space 3072K, 0% used [0x00000000ec400000,0x00000000ec400000,0x00000000ec700000)
  to   space 1536K, 0% used [0x00000000ec700000,0x00000000ec700000,0x00000000ec880000)
 ParOldGen       total 68608K, used 16377K [0x00000000c0000000, 0x00000000c4300000, 0x00000000eab00000)
  object space 68608K, 23% used [0x00000000c0000000,0x00000000c0ffe7c0,0x00000000c4300000)
 Metaspace       used 34917K, committed 35840K, reserved 1081344K
  class space    used 3730K, committed 4160K, reserved 1048576K
}

