# JRE version: Java(TM) SE Runtime Environment (17.0.7+8) (build 17.0.7+8-LTS-224)
# Java VM: Java HotSpot(TM) 64-Bit Server VM (17.0.7+8-LTS-224, mixed mode, sharing, tiered, compressed oops, compressed class ptrs, parallel gc, windows-amd64)
GC Precious Log:
 CPUs: 8 total, 8 available
 Memory: 16072M
 Large Page Support: Disabled
 NUMA Support: Disabled
 Compressed Oops: Enabled (32-bit)
 Alignments: Space 512K, Generation 512K, Heap 2M
 Heap Min Capacity: 100M
 Heap Initial Capacity: 100M
 Heap Max Capacity: 1G
 Pre-touch: Disabled
 Parallel Workers: 8
Heap:
 PSYoungGen      total 9216K, used 2829K [0x00000000eab00000, 0x00000000eb580000, 0x0000000100000000)
  eden space 8192K, 25% used [0x00000000eab00000,0x00000000ead03498,0x00000000eb300000)
  from space 1024K, 75% used [0x00000000eb480000,0x00000000eb540058,0x00000000eb580000)
  to   space 1024K, 0% used [0x00000000eb300000,0x00000000eb300000,0x00000000eb400000)
 ParOldGen       total 66048K, used 42030K [0x00000000c0000000, 0x00000000c4080000, 0x00000000eab00000)
  object space 66048K, 63% used [0x00000000c0000000,0x00000000c290b8a0,0x00000000c4080000)
 Metaspace       used 56825K, committed 58048K, reserved 1105920K
  class space    used 6043K, committed 6592K, reserved 1048576K
GC Heap History (20 events):
Event: 11.149 GC heap before
{Heap before GC invocations=149 (full 6):
 PSYoungGen      total 10240K, used 9772K [0x00000000eab00000, 0x00000000eb700000, 0x0000000100000000)
  eden space 8704K, 100% used [0x00000000eab00000,0x00000000eb380000,0x00000000eb380000)
  from space 1536K, 69% used [0x00000000eb580000,0x00000000eb68b008,0x00000000eb700000)
  to   space 1536K, 0% used [0x00000000eb400000,0x00000000eb400000,0x00000000eb580000)
 ParOldGen       total 68608K, used 62069K [0x00000000c0000000, 0x00000000c4300000, 0x00000000eab00000)
  object space 68608K, 90% used [0x00000000c0000000,0x00000000c3c9d738,0x00000000c4300000)
 Metaspace       used 56817K, committed 58048K, reserved 1105920K
  class space    used 6043K, committed 6592K, reserved 1048576K
}
Event: 11.151 GC heap after
{Heap after GC invocations=149 (full 6):
 PSYoungGen      total 10240K, used 1088K [0x00000000eab00000, 0x00000000eb680000, 0x0000000100000000)
  eden space 8704K, 0% used [0x00000000eab00000,0x00000000eab00000,0x00000000eb380000)
  from space 1536K, 70% used [0x00000000eb400000,0x00000000eb510000,0x00000000eb580000)
  to   space 1024K, 0% used [0x00000000eb580000,0x00000000eb580000,0x00000000eb680000)
 ParOldGen       total 68608K, used 63081K [0x00000000c0000000, 0x00000000c4300000, 0x00000000eab00000)
  object space 68608K, 91% used [0x00000000c0000000,0x00000000c3d9a740,0x00000000c4300000)
 Metaspace       used 56817K, committed 58048K, reserved 1105920K
  class space    used 6043K, committed 6592K, reserved 1048576K
}
Event: 11.183 GC heap before
{Heap before GC invocations=150 (full 6):
 PSYoungGen      total 10240K, used 9792K [0x00000000eab00000, 0x00000000eb680000, 0x0000000100000000)
  eden space 8704K, 100% used [0x00000000eab00000,0x00000000eb380000,0x00000000eb380000)
  from space 1536K, 70% used [0x00000000eb400000,0x00000000eb510000,0x00000000eb580000)
  to   space 1024K, 0% used [0x00000000eb580000,0x00000000eb580000,0x00000000eb680000)
 ParOldGen       total 68608K, used 63081K [0x00000000c0000000, 0x00000000c4300000, 0x00000000eab00000)
  object space 68608K, 91% used [0x00000000c0000000,0x00000000c3d9a740,0x00000000c4300000)
 Metaspace       used 56817K, committed 58048K, reserved 1105920K
  class space    used 6043K, committed 6592K, reserved 1048576K
}
Event: 11.184 GC heap after
{Heap after GC invocations=150 (full 6):
 PSYoungGen      total 9216K, used 1016K [0x00000000eab00000, 0x00000000eb880000, 0x0000000100000000)
  eden space 8192K, 0% used [0x00000000eab00000,0x00000000eab00000,0x00000000eb300000)
  from space 1024K, 99% used [0x00000000eb580000,0x00000000eb67e008,0x00000000eb680000)
  to   space 2560K, 0% used [0x00000000eb300000,0x00000000eb300000,0x00000000eb580000)
 ParOldGen       total 68608K, used 64185K [0x00000000c0000000, 0x00000000c4300000, 0x00000000eab00000)
  object space 68608K, 93% used [0x00000000c0000000,0x00000000c3eae740,0x00000000c4300000)
 Metaspace       used 56817K, committed 58048K, reserved 1105920K
  class space    used 6043K, committed 6592K, reserved 1048576K
}
Event: 11.227 GC heap before
{Heap before GC invocations=151 (full 6):
 PSYoungGen      total 9216K, used 9208K [0x00000000eab00000, 0x00000000eb880000, 0x0000000100000000)
  eden space 8192K, 100% used [0x00000000eab00000,0x00000000eb300000,0x00000000eb300000)
  from space 1024K, 99% used [0x00000000eb580000,0x00000000eb67e008,0x00000000eb680000)
  to   space 2560K, 0% used [0x00000000eb300000,0x00000000eb300000,0x00000000eb580000)
 ParOldGen       total 68608K, used 64185K [0x00000000c0000000, 0x00000000c4300000, 0x00000000eab00000)
  object space 68608K, 93% used [0x00000000c0000000,0x00000000c3eae740,0x00000000c4300000)
 Metaspace       used 56817K, committed 58048K, reserved 1105920K
  class space    used 6043K, committed 6592K, reserved 1048576K
}
Event: 11.229 GC heap after
{Heap after GC invocations=151 (full 6):
 PSYoungGen      total 9216K, used 864K [0x00000000eab00000, 0x00000000eb600000, 0x0000000100000000)
  eden space 8192K, 0% used [0x00000000eab00000,0x00000000eab00000,0x00000000eb300000)
  from space 1024K, 84% used [0x00000000eb300000,0x00000000eb3d8000,0x00000000eb400000)
  to   space 1536K, 0% used [0x00000000eb480000,0x00000000eb480000,0x00000000eb600000)
 ParOldGen       total 68608K, used 65177K [0x00000000c0000000, 0x00000000c4300000, 0x00000000eab00000)
  object space 68608K, 95% used [0x00000000c0000000,0x00000000c3fa6748,0x00000000c4300000)
 Metaspace       used 56817K, committed 58048K, reserved 1105920K
  class space    used 6043K, committed 6592K, reserved 1048576K
}
Event: 11.257 GC heap before
{Heap before GC invocations=152 (full 6):
 PSYoungGen      total 9216K, used 9056K [0x00000000eab00000, 0x00000000eb600000, 0x0000000100000000)
  eden space 8192K, 100% used [0x00000000eab00000,0x00000000eb300000,0x00000000eb300000)
  from space 1024K, 84% used [0x00000000eb300000,0x00000000eb3d8000,0x00000000eb400000)
  to   space 1536K, 0% used [0x00000000eb480000,0x00000000eb480000,0x00000000eb600000)
 ParOldGen       total 68608K, used 65177K [0x00000000c0000000, 0x00000000c4300000, 0x00000000eab00000)
  object space 68608K, 95% used [0x00000000c0000000,0x00000000c3fa6748,0x00000000c4300000)
 Metaspace       used 56817K, committed 58048K, reserved 1105920K
  class space    used 6043K, committed 6592K, reserved 1048576K
}
Event: 11.258 GC heap after
{Heap after GC invocations=152 (full 6):
 PSYoungGen      total 9216K, used 896K [0x00000000eab00000, 0x00000000eb580000, 0x0000000100000000)
  eden space 8192K, 0% used [0x00000000eab00000,0x00000000eab00000,0x00000000eb300000)
  from space 1024K, 87% used [0x00000000eb480000,0x00000000eb560000,0x00000000eb580000)
  to   space 1024K, 0% used [0x00000000eb300000,0x00000000eb300000,0x00000000eb400000)
 ParOldGen       total 68608K, used 65977K [0x00000000c0000000, 0x00000000c4300000, 0x00000000eab00000)
  object space 68608K, 96% used [0x00000000c0000000,0x00000000c406e748,0x00000000c4300000)
 Metaspace       used 56817K, committed 58048K, reserved 1105920K
  class space    used 6043K, committed 6592K, reserved 1048576K
}
Event: 11.318 GC heap before
{Heap before GC invocations=153 (full 6):
 PSYoungGen      total 9216K, used 9088K [0x00000000eab00000, 0x00000000eb580000, 0x0000000100000000)
  eden space 8192K, 100% used [0x00000000eab00000,0x00000000eb300000,0x00000000eb300000)
  from space 1024K, 87% used [0x00000000eb480000,0x00000000eb560000,0x00000000eb580000)
  to   space 1024K, 0% used [0x00000000eb300000,0x00000000eb300000,0x00000000eb400000)
 ParOldGen       total 68608K, used 65977K [0x00000000c0000000, 0x00000000c4300000, 0x00000000eab00000)
  object space 68608K, 96% used [0x00000000c0000000,0x00000000c406e748,0x00000000c4300000)
 Metaspace       used 56818K, committed 58048K, reserved 1105920K
  class space    used 6043K, committed 6592K, reserved 1048576K
}
Event: 11.319 GC heap after
{Heap after GC invocations=153 (full 6):
 PSYoungGen      total 9216K, used 684K [0x00000000eab00000, 0x00000000eb500000, 0x0000000100000000)
  eden space 8192K, 0% used [0x00000000eab00000,0x00000000eab00000,0x00000000eb300000)
  from space 1024K, 66% used [0x00000000eb300000,0x00000000eb3ab080,0x00000000eb400000)
  to   space 1024K, 0% used [0x00000000eb400000,0x00000000eb400000,0x00000000eb500000)
 ParOldGen       total 68608K, used 66809K [0x00000000c0000000, 0x00000000c4300000, 0x00000000eab00000)
  object space 68608K, 97% used [0x00000000c0000000,0x00000000c413e748,0x00000000c4300000)
 Metaspace       used 56818K, committed 58048K, reserved 1105920K
  class space    used 6043K, committed 6592K, reserved 1048576K
}
Event: 11.368 GC heap before
{Heap before GC invocations=154 (full 6):
 PSYoungGen      total 9216K, used 8876K [0x00000000eab00000, 0x00000000eb500000, 0x0000000100000000)
  eden space 8192K, 100% used [0x00000000eab00000,0x00000000eb300000,0x00000000eb300000)
  from space 1024K, 66% used [0x00000000eb300000,0x00000000eb3ab080,0x00000000eb400000)
  to   space 1024K, 0% used [0x00000000eb400000,0x00000000eb400000,0x00000000eb500000)
 ParOldGen       total 68608K, used 66809K [0x00000000c0000000, 0x00000000c4300000, 0x00000000eab00000)
  object space 68608K, 97% used [0x00000000c0000000,0x00000000c413e748,0x00000000c4300000)
 Metaspace       used 56821K, committed 58048K, reserved 1105920K
  class space    used 6043K, committed 6592K, reserved 1048576K
}
Event: 11.368 GC heap after
{Heap after GC invocations=154 (full 6):
 PSYoungGen      total 9216K, used 918K [0x00000000eab00000, 0x00000000eb500000, 0x0000000100000000)
  eden space 8192K, 0% used [0x00000000eab00000,0x00000000eab00000,0x00000000eb300000)
  from space 1024K, 89% used [0x00000000eb400000,0x00000000eb4e5808,0x00000000eb500000)
  to   space 1024K, 0% used [0x00000000eb300000,0x00000000eb300000,0x00000000eb400000)
 ParOldGen       total 68608K, used 67314K [0x00000000c0000000, 0x00000000c4300000, 0x00000000eab00000)
  object space 68608K, 98% used [0x00000000c0000000,0x00000000c41bcbc0,0x00000000c4300000)
 Metaspace       used 56821K, committed 58048K, reserved 1105920K
  class space    used 6043K, committed 6592K, reserved 1048576K
}
Event: 11.433 GC heap before
{Heap before GC invocations=155 (full 6):
 PSYoungGen      total 9216K, used 9110K [0x00000000eab00000, 0x00000000eb500000, 0x0000000100000000)
  eden space 8192K, 100% used [0x00000000eab00000,0x00000000eb300000,0x00000000eb300000)
  from space 1024K, 89% used [0x00000000eb400000,0x00000000eb4e5808,0x00000000eb500000)
  to   space 1024K, 0% used [0x00000000eb300000,0x00000000eb300000,0x00000000eb400000)
 ParOldGen       total 68608K, used 67314K [0x00000000c0000000, 0x00000000c4300000, 0x00000000eab00000)
  object space 68608K, 98% used [0x00000000c0000000,0x00000000c41bcbc0,0x00000000c4300000)
 Metaspace       used 56821K, committed 58048K, reserved 1105920K
  class space    used 6043K, committed 6592K, reserved 1048576K
}
Event: 11.434 GC heap after
{Heap after GC invocations=155 (full 6):
 PSYoungGen      total 9216K, used 1004K [0x00000000eab00000, 0x00000000eb700000, 0x0000000100000000)
  eden space 8192K, 0% used [0x00000000eab00000,0x00000000eab00000,0x00000000eb300000)
  from space 1024K, 98% used [0x00000000eb300000,0x00000000eb3fb008,0x00000000eb400000)
  to   space 2048K, 0% used [0x00000000eb500000,0x00000000eb500000,0x00000000eb700000)
 ParOldGen       total 68608K, used 67978K [0x00000000c0000000, 0x00000000c4300000, 0x00000000eab00000)
  object space 68608K, 99% used [0x00000000c0000000,0x00000000c4262bc0,0x00000000c4300000)
 Metaspace       used 56821K, committed 58048K, reserved 1105920K
  class space    used 6043K, committed 6592K, reserved 1048576K
}
Event: 11.434 GC heap before
{Heap before GC invocations=156 (full 7):
 PSYoungGen      total 9216K, used 1004K [0x00000000eab00000, 0x00000000eb700000, 0x0000000100000000)
  eden space 8192K, 0% used [0x00000000eab00000,0x00000000eab00000,0x00000000eb300000)
  from space 1024K, 98% used [0x00000000eb300000,0x00000000eb3fb008,0x00000000eb400000)
  to   space 2048K, 0% used [0x00000000eb500000,0x00000000eb500000,0x00000000eb700000)
 ParOldGen       total 68608K, used 67978K [0x00000000c0000000, 0x00000000c4300000, 0x00000000eab00000)
  object space 68608K, 99% used [0x00000000c0000000,0x00000000c4262bc0,0x00000000c4300000)
 Metaspace       used 56821K, committed 58048K, reserved 1105920K
  class space    used 6043K, committed 6592K, reserved 1048576K
}
Event: 11.474 GC heap after
{Heap after GC invocations=156 (full 7):
 PSYoungGen      total 10240K, used 0K [0x00000000eab00000, 0x00000000eb700000, 0x0000000100000000)
  eden space 8192K, 0% used [0x00000000eab00000,0x00000000eab00000,0x00000000eb300000)
  from space 2048K, 0% used [0x00000000eb500000,0x00000000eb500000,0x00000000eb700000)
  to   space 2048K, 0% used [0x00000000eb300000,0x00000000eb300000,0x00000000eb500000)
 ParOldGen       total 66048K, used 42030K [0x00000000c0000000, 0x00000000c4080000, 0x00000000eab00000)
  object space 66048K, 63% used [0x00000000c0000000,0x00000000c290b8a0,0x00000000c4080000)
 Metaspace       used 56821K, committed 58048K, reserved 1105920K
  class space    used 6043K, committed 6592K, reserved 1048576K
}
Event: 11.570 GC heap before
{Heap before GC invocations=157 (full 7):
 PSYoungGen      total 10240K, used 8192K [0x00000000eab00000, 0x00000000eb700000, 0x0000000100000000)
  eden space 8192K, 100% used [0x00000000eab00000,0x00000000eb300000,0x00000000eb300000)
  from space 2048K, 0% used [0x00000000eb500000,0x00000000eb500000,0x00000000eb700000)
  to   space 2048K, 0% used [0x00000000eb300000,0x00000000eb300000,0x00000000eb500000)
 ParOldGen       total 66048K, used 42030K [0x00000000c0000000, 0x00000000c4080000, 0x00000000eab00000)
  object space 66048K, 63% used [0x00000000c0000000,0x00000000c290b8a0,0x00000000c4080000)
 Metaspace       used 56823K, committed 58048K, reserved 1105920K
  class space    used 6043K, committed 6592K, reserved 1048576K
}
Event: 11.570 GC heap after
{Heap after GC invocations=157 (full 7):
 PSYoungGen      total 9216K, used 742K [0x00000000eab00000, 0x00000000eb600000, 0x0000000100000000)
  eden space 8192K, 0% used [0x00000000eab00000,0x00000000eab00000,0x00000000eb300000)
  from space 1024K, 72% used [0x00000000eb300000,0x00000000eb3b99b0,0x00000000eb400000)
  to   space 1536K, 0% used [0x00000000eb480000,0x00000000eb480000,0x00000000eb600000)
 ParOldGen       total 66048K, used 42030K [0x00000000c0000000, 0x00000000c4080000, 0x00000000eab00000)
  object space 66048K, 63% used [0x00000000c0000000,0x00000000c290b8a0,0x00000000c4080000)
 Metaspace       used 56823K, committed 58048K, reserved 1105920K
  class space    used 6043K, committed 6592K, reserved 1048576K
}
Event: 11.636 GC heap before
{Heap before GC invocations=158 (full 7):
 PSYoungGen      total 9216K, used 8934K [0x00000000eab00000, 0x00000000eb600000, 0x0000000100000000)
  eden space 8192K, 100% used [0x00000000eab00000,0x00000000eb300000,0x00000000eb300000)
  from space 1024K, 72% used [0x00000000eb300000,0x00000000eb3b99b0,0x00000000eb400000)
  to   space 1536K, 0% used [0x00000000eb480000,0x00000000eb480000,0x00000000eb600000)
 ParOldGen       total 66048K, used 42030K [0x00000000c0000000, 0x00000000c4080000, 0x00000000eab00000)
  object space 66048K, 63% used [0x00000000c0000000,0x00000000c290b8a0,0x00000000c4080000)
 Metaspace       used 56824K, committed 58048K, reserved 1105920K
  class space    used 6043K, committed 6592K, reserved 1048576K
}
Event: 11.636 GC heap after
{Heap after GC invocations=158 (full 7):
 PSYoungGen      total 9216K, used 768K [0x00000000eab00000, 0x00000000eb580000, 0x0000000100000000)
  eden space 8192K, 0% used [0x00000000eab00000,0x00000000eab00000,0x00000000eb300000)
  from space 1024K, 75% used [0x00000000eb480000,0x00000000eb540058,0x00000000eb580000)
  to   space 1024K, 0% used [0x00000000eb300000,0x00000000eb300000,0x00000000eb400000)
 ParOldGen       total 66048K, used 42030K [0x00000000c0000000, 0x00000000c4080000, 0x00000000eab00000)
  object space 66048K, 63% used [0x00000000c0000000,0x00000000c290b8a0,0x00000000c4080000)
 Metaspace       used 56824K, committed 58048K, reserved 1105920K
  class space    used 6043K, committed 6592K, reserved 1048576K
}

